# JRE version: OpenJDK Runtime Environment Temurin-21.0.10+7 (21.0.10+7) (build 21.0.10+7-LTS)
# Java VM: OpenJDK 64-Bit Server VM Temurin-21.0.10+7 (21.0.10+7-LTS, mixed mode, sharing, tiered, compressed oops, compressed class ptrs, parallel gc, windows-amd64)
GC Precious Log:
 CardTable entry size: 512
 CPUs: 4 total, 4 available
 Memory: 7925M
 Large Page Support: Disabled
 NUMA Support: Disabled
 Compressed Oops: Enabled (32-bit)
 Alignments: Space 512K, Generation 512K, Heap 2M
 Heap Min Capacity: 100M
 Heap Initial Capacity: 100M
 Heap Max Capacity: 2G
 Pre-touch: Disabled
 Parallel Workers: 4
Heap:
 PSYoungGen      total 5632K, used 1667K [0x00000000d5580000, 0x00000000d5c80000, 0x0000000100000000)
  eden space 2560K, 57% used [0x00000000d5580000,0x00000000d56f0d50,0x00000000d5800000)
  from space 3072K, 6% used [0x00000000d5880000,0x00000000d58b0000,0x00000000d5b80000)
  to   space 1024K, 0% used [0x00000000d5b80000,0x00000000d5b80000,0x00000000d5c80000)
 ParOldGen       total 1077248K, used 1076866K [0x0000000080000000, 0x00000000c1c00000, 0x00000000d5580000)
  object space 1077248K, 99% used [0x0000000080000000,0x00000000c1ba08b8,0x00000000c1c00000)
 Metaspace       used 88747K, committed 90560K, reserved 1179648K
  class space    used 9017K, committed 9856K, reserved 1048576K
GC Heap History (20 events):
Event: 543.717 GC heap before
{Heap before GC invocations=1970 (full 4):
 PSYoungGen      total 4608K, used 4528K [0x00000000d5580000, 0x00000000d5d80000, 0x0000000100000000)
  eden space 4096K, 100% used [0x00000000d5580000,0x00000000d5980000,0x00000000d5980000)
  from space 512K, 84% used [0x00000000d5980000,0x00000000d59ec010,0x00000000d5a00000)
  to   space 1536K, 0% used [0x00000000d5c00000,0x00000000d5c00000,0x00000000d5d80000)
 ParOldGen       total 1065472K, used 1065072K [0x0000000080000000, 0x00000000c1080000, 0x00000000d5580000)
  object space 1065472K, 99% used [0x0000000080000000,0x00000000c101c0a8,0x00000000c1080000)
 Metaspace       used 88711K, committed 90496K, reserved 1179648K
  class space    used 9017K, committed 9856K, reserved 1048576K
}
Event: 543.721 GC heap after
{Heap after GC invocations=1970 (full 4):
 PSYoungGen      total 5120K, used 544K [0x00000000d5580000, 0x00000000d5d00000, 0x0000000100000000)
  eden space 4096K, 0% used [0x00000000d5580000,0x00000000d5580000,0x00000000d5980000)
  from space 1024K, 53% used [0x00000000d5c00000,0x00000000d5c88000,0x00000000d5d00000)
  to   space 1024K, 0% used [0x00000000d5b00000,0x00000000d5b00000,0x00000000d5c00000)
 ParOldGen       total 1065472K, used 1065128K [0x0000000080000000, 0x00000000c1080000, 0x00000000d5580000)
  object space 1065472K, 99% used [0x0000000080000000,0x00000000c102a0a8,0x00000000c1080000)
 Metaspace       used 88711K, committed 90496K, reserved 1179648K
  class space    used 9017K, committed 9856K, reserved 1048576K
}
Event: 543.755 GC heap before
{Heap before GC invocations=1971 (full 4):
 PSYoungGen      total 5120K, used 4640K [0x00000000d5580000, 0x00000000d5d00000, 0x0000000100000000)
  eden space 4096K, 100% used [0x00000000d5580000,0x00000000d5980000,0x00000000d5980000)
  from space 1024K, 53% used [0x00000000d5c00000,0x00000000d5c88000,0x00000000d5d00000)
  to   space 1024K, 0% used [0x00000000d5b00000,0x00000000d5b00000,0x00000000d5c00000)
 ParOldGen       total 1065472K, used 1065128K [0x0000000080000000, 0x00000000c1080000, 0x00000000d5580000)
  object space 1065472K, 99% used [0x0000000080000000,0x00000000c102a0a8,0x00000000c1080000)
 Metaspace       used 88714K, committed 90496K, reserved 1179648K
  class space    used 9017K, committed 9856K, reserved 1048576K
}
Event: 543.758 GC heap after
{Heap after GC invocations=1971 (full 4):
 PSYoungGen      total 5120K, used 192K [0x00000000d5580000, 0x00000000d5c80000, 0x0000000100000000)
  eden space 4096K, 0% used [0x00000000d5580000,0x00000000d5580000,0x00000000d5980000)
  from space 1024K, 18% used [0x00000000d5b00000,0x00000000d5b30000,0x00000000d5c00000)
  to   space 512K, 0% used [0x00000000d5c00000,0x00000000d5c00000,0x00000000d5c80000)
 ParOldGen       total 1065984K, used 1065630K [0x0000000080000000, 0x00000000c1100000, 0x00000000d5580000)
  object space 1065984K, 99% used [0x0000000080000000,0x00000000c10a7af8,0x00000000c1100000)
 Metaspace       used 88714K, committed 90496K, reserved 1179648K
  class space    used 9017K, committed 9856K, reserved 1048576K
}
Event: 544.009 GC heap before
{Heap before GC invocations=1972 (full 4):
 PSYoungGen      total 5120K, used 4288K [0x00000000d5580000, 0x00000000d5c80000, 0x0000000100000000)
  eden space 4096K, 100% used [0x00000000d5580000,0x00000000d5980000,0x00000000d5980000)
  from space 1024K, 18% used [0x00000000d5b00000,0x00000000d5b30000,0x00000000d5c00000)
  to   space 512K, 0% used [0x00000000d5c00000,0x00000000d5c00000,0x00000000d5c80000)
 ParOldGen       total 1065984K, used 1065630K [0x0000000080000000, 0x00000000c1100000, 0x00000000d5580000)
  object space 1065984K, 99% used [0x0000000080000000,0x00000000c10a7af8,0x00000000c1100000)
 Metaspace       used 88714K, committed 90496K, reserved 1179648K
  class space    used 9017K, committed 9856K, reserved 1048576K
}
Event: 544.011 GC heap after
{Heap after GC invocations=1972 (full 4):
 PSYoungGen      total 4608K, used 336K [0x00000000d5580000, 0x00000000d5c80000, 0x0000000100000000)
  eden space 4096K, 0% used [0x00000000d5580000,0x00000000d5580000,0x00000000d5980000)
  from space 512K, 65% used [0x00000000d5c00000,0x00000000d5c54010,0x00000000d5c80000)
  to   space 512K, 0% used [0x00000000d5b80000,0x00000000d5b80000,0x00000000d5c00000)
 ParOldGen       total 1065984K, used 1065662K [0x0000000080000000, 0x00000000c1100000, 0x00000000d5580000)
  object space 1065984K, 99% used [0x0000000080000000,0x00000000c10afaf8,0x00000000c1100000)
 Metaspace       used 88714K, committed 90496K, reserved 1179648K
  class space    used 9017K, committed 9856K, reserved 1048576K
}
Event: 544.679 GC heap before
{Heap before GC invocations=1973 (full 4):
 PSYoungGen      total 4608K, used 4432K [0x00000000d5580000, 0x00000000d5c80000, 0x0000000100000000)
  eden space 4096K, 100% used [0x00000000d5580000,0x00000000d5980000,0x00000000d5980000)
  from space 512K, 65% used [0x00000000d5c00000,0x00000000d5c54010,0x00000000d5c80000)
  to   space 512K, 0% used [0x00000000d5b80000,0x00000000d5b80000,0x00000000d5c00000)
 ParOldGen       total 1065984K, used 1065662K [0x0000000080000000, 0x00000000c1100000, 0x00000000d5580000)
  object space 1065984K, 99% used [0x0000000080000000,0x00000000c10afaf8,0x00000000c1100000)
 Metaspace       used 88721K, committed 90496K, reserved 1179648K
  class space    used 9017K, committed 9856K, reserved 1048576K
}
Event: 544.684 GC heap after
{Heap after GC invocations=1973 (full 4):
 PSYoungGen      total 4608K, used 499K [0x00000000d5580000, 0x00000000d5c80000, 0x0000000100000000)
  eden space 4096K, 0% used [0x00000000d5580000,0x00000000d5580000,0x00000000d5980000)
  from space 512K, 97% used [0x00000000d5b80000,0x00000000d5bfcfc0,0x00000000d5c00000)
  to   space 512K, 0% used [0x00000000d5c00000,0x00000000d5c00000,0x00000000d5c80000)
 ParOldGen       total 1065984K, used 1065970K [0x0000000080000000, 0x00000000c1100000, 0x00000000d5580000)
  object space 1065984K, 99% used [0x0000000080000000,0x00000000c10fcab8,0x00000000c1100000)
 Metaspace       used 88721K, committed 90496K, reserved 1179648K
  class space    used 9017K, committed 9856K, reserved 1048576K
}
Event: 544.695 GC heap before
{Heap before GC invocations=1974 (full 4):
 PSYoungGen      total 4608K, used 4595K [0x00000000d5580000, 0x00000000d5c80000, 0x0000000100000000)
  eden space 4096K, 100% used [0x00000000d5580000,0x00000000d5980000,0x00000000d5980000)
  from space 512K, 97% used [0x00000000d5b80000,0x00000000d5bfcfc0,0x00000000d5c00000)
  to   space 512K, 0% used [0x00000000d5c00000,0x00000000d5c00000,0x00000000d5c80000)
 ParOldGen       total 1065984K, used 1065970K [0x0000000080000000, 0x00000000c1100000, 0x00000000d5580000)
  object space 1065984K, 99% used [0x0000000080000000,0x00000000c10fcab8,0x00000000c1100000)
 Metaspace       used 88721K, committed 90496K, reserved 1179648K
  class space    used 9017K, committed 9856K, reserved 1048576K
}
Event: 544.701 GC heap after
{Heap after GC invocations=1974 (full 4):
 PSYoungGen      total 2560K, used 512K [0x00000000d5580000, 0x00000000d6280000, 0x0000000100000000)
  eden space 2048K, 0% used [0x00000000d5580000,0x00000000d5580000,0x00000000d5780000)
  from space 512K, 100% used [0x00000000d5c00000,0x00000000d5c80000,0x00000000d5c80000)
  to   space 4608K, 0% used [0x00000000d5780000,0x00000000d5780000,0x00000000d5c00000)
 ParOldGen       total 1069568K, used 1069118K [0x0000000080000000, 0x00000000c1480000, 0x00000000d5580000)
  object space 1069568K, 99% used [0x0000000080000000,0x00000000c140fa98,0x00000000c1480000)
 Metaspace       used 88721K, committed 90496K, reserved 1179648K
  class space    used 9017K, committed 9856K, reserved 1048576K
}
Event: 544.712 GC heap before
{Heap before GC invocations=1975 (full 4):
 PSYoungGen      total 2560K, used 2560K [0x00000000d5580000, 0x00000000d6280000, 0x0000000100000000)
  eden space 2048K, 100% used [0x00000000d5580000,0x00000000d5780000,0x00000000d5780000)
  from space 512K, 100% used [0x00000000d5c00000,0x00000000d5c80000,0x00000000d5c80000)
  to   space 4608K, 0% used [0x00000000d5780000,0x00000000d5780000,0x00000000d5c00000)
 ParOldGen       total 1069568K, used 1069118K [0x0000000080000000, 0x00000000c1480000, 0x00000000d5580000)
  object space 1069568K, 99% used [0x0000000080000000,0x00000000c140fa98,0x00000000c1480000)
 Metaspace       used 88721K, committed 90496K, reserved 1179648K
  class space    used 9017K, committed 9856K, reserved 1048576K
}
Event: 544.717 GC heap after
{Heap after GC invocations=1975 (full 4):
 PSYoungGen      total 4096K, used 1664K [0x00000000d5580000, 0x00000000d5c80000, 0x0000000100000000)
  eden space 2048K, 0% used [0x00000000d5580000,0x00000000d5580000,0x00000000d5780000)
  from space 2048K, 81% used [0x00000000d5780000,0x00000000d5920000,0x00000000d5980000)
  to   space 2560K, 0% used [0x00000000d5a00000,0x00000000d5a00000,0x00000000d5c80000)
 ParOldGen       total 1070080K, used 1069646K [0x0000000080000000, 0x00000000c1500000, 0x00000000d5580000)
  object space 1070080K, 99% used [0x0000000080000000,0x00000000c1493a98,0x00000000c1500000)
 Metaspace       used 88721K, committed 90496K, reserved 1179648K
  class space    used 9017K, committed 9856K, reserved 1048576K
}
Event: 544.729 GC heap before
{Heap before GC invocations=1976 (full 4):
 PSYoungGen      total 4096K, used 3538K [0x00000000d5580000, 0x00000000d5c80000, 0x0000000100000000)
  eden space 2048K, 91% used [0x00000000d5580000,0x00000000d5754a88,0x00000000d5780000)
  from space 2048K, 81% used [0x00000000d5780000,0x00000000d5920000,0x00000000d5980000)
  to   space 2560K, 0% used [0x00000000d5a00000,0x00000000d5a00000,0x00000000d5c80000)
 ParOldGen       total 1070080K, used 1069646K [0x0000000080000000, 0x00000000c1500000, 0x00000000d5580000)
  object space 1070080K, 99% used [0x0000000080000000,0x00000000c1493a98,0x00000000c1500000)
 Metaspace       used 88721K, committed 90496K, reserved 1179648K
  class space    used 9017K, committed 9856K, reserved 1048576K
}
Event: 544.735 GC heap after
{Heap after GC invocations=1976 (full 4):
 PSYoungGen      total 4608K, used 1395K [0x00000000d5580000, 0x00000000d5c00000, 0x0000000100000000)
  eden space 2560K, 0% used [0x00000000d5580000,0x00000000d5580000,0x00000000d5800000)
  from space 2048K, 68% used [0x00000000d5a00000,0x00000000d5b5cc00,0x00000000d5c00000)
  to   space 2048K, 0% used [0x00000000d5800000,0x00000000d5800000,0x00000000d5a00000)
 ParOldGen       total 1071616K, used 1071286K [0x0000000080000000, 0x00000000c1680000, 0x00000000d5580000)
  object space 1071616K, 99% used [0x0000000080000000,0x00000000c162da98,0x00000000c1680000)
 Metaspace       used 88721K, committed 90496K, reserved 1179648K
  class space    used 9017K, committed 9856K, reserved 1048576K
}
Event: 544.801 GC heap before
{Heap before GC invocations=1977 (full 4):
 PSYoungGen      total 4608K, used 3955K [0x00000000d5580000, 0x00000000d5c00000, 0x0000000100000000)
  eden space 2560K, 100% used [0x00000000d5580000,0x00000000d5800000,0x00000000d5800000)
  from space 2048K, 68% used [0x00000000d5a00000,0x00000000d5b5cc00,0x00000000d5c00000)
  to   space 2048K, 0% used [0x00000000d5800000,0x00000000d5800000,0x00000000d5a00000)
 ParOldGen       total 1071616K, used 1071286K [0x0000000080000000, 0x00000000c1680000, 0x00000000d5580000)
  object space 1071616K, 99% used [0x0000000080000000,0x00000000c162da98,0x00000000c1680000)
 Metaspace       used 88721K, committed 90496K, reserved 1179648K
  class space    used 9017K, committed 9856K, reserved 1048576K
}
Event: 544.807 GC heap after
{Heap after GC invocations=1977 (full 4):
 PSYoungGen      total 4608K, used 2026K [0x00000000d5580000, 0x00000000d6000000, 0x0000000100000000)
  eden space 2560K, 0% used [0x00000000d5580000,0x00000000d5580000,0x00000000d5800000)
  from space 2048K, 98% used [0x00000000d5800000,0x00000000d59fa820,0x00000000d5a00000)
  to   space 4096K, 0% used [0x00000000d5c00000,0x00000000d5c00000,0x00000000d6000000)
 ParOldGen       total 1073152K, used 1072792K [0x0000000080000000, 0x00000000c1800000, 0x00000000d5580000)
  object space 1073152K, 99% used [0x0000000080000000,0x00000000c17a6098,0x00000000c1800000)
 Metaspace       used 88721K, committed 90496K, reserved 1179648K
  class space    used 9017K, committed 9856K, reserved 1048576K
}
Event: 544.985 GC heap before
{Heap before GC invocations=1978 (full 4):
 PSYoungGen      total 4608K, used 4586K [0x00000000d5580000, 0x00000000d6000000, 0x0000000100000000)
  eden space 2560K, 100% used [0x00000000d5580000,0x00000000d5800000,0x00000000d5800000)
  from space 2048K, 98% used [0x00000000d5800000,0x00000000d59fa820,0x00000000d5a00000)
  to   space 4096K, 0% used [0x00000000d5c00000,0x00000000d5c00000,0x00000000d6000000)
 ParOldGen       total 1073152K, used 1072792K [0x0000000080000000, 0x00000000c1800000, 0x00000000d5580000)
  object space 1073152K, 99% used [0x0000000080000000,0x00000000c17a6098,0x00000000c1800000)
 Metaspace       used 88722K, committed 90496K, reserved 1179648K
  class space    used 9017K, committed 9856K, reserved 1048576K
}
Event: 544.996 GC heap after
{Heap after GC invocations=1978 (full 4):
 PSYoungGen      total 5120K, used 2096K [0x00000000d5580000, 0x00000000d5e80000, 0x0000000100000000)
  eden space 2560K, 0% used [0x00000000d5580000,0x00000000d5580000,0x00000000d5800000)
  from space 2560K, 81% used [0x00000000d5c00000,0x00000000d5e0c000,0x00000000d5e80000)
  to   space 3072K, 0% used [0x00000000d5880000,0x00000000d5880000,0x00000000d5b80000)
 ParOldGen       total 1075200K, used 1074810K [0x0000000080000000, 0x00000000c1a00000, 0x00000000d5580000)
  object space 1075200K, 99% used [0x0000000080000000,0x00000000c199e8b8,0x00000000c1a00000)
 Metaspace       used 88722K, committed 90496K, reserved 1179648K
  class space    used 9017K, committed 9856K, reserved 1048576K
}
Event: 545.110 GC heap before
{Heap before GC invocations=1979 (full 4):
 PSYoungGen      total 5120K, used 4656K [0x00000000d5580000, 0x00000000d5e80000, 0x0000000100000000)
  eden space 2560K, 100% used [0x00000000d5580000,0x00000000d5800000,0x00000000d5800000)
  from space 2560K, 81% used [0x00000000d5c00000,0x00000000d5e0c000,0x00000000d5e80000)
  to   space 3072K, 0% used [0x00000000d5880000,0x00000000d5880000,0x00000000d5b80000)
 ParOldGen       total 1075200K, used 1074810K [0x0000000080000000, 0x00000000c1a00000, 0x00000000d5580000)
  object space 1075200K, 99% used [0x0000000080000000,0x00000000c199e8b8,0x00000000c1a00000)
 Metaspace       used 88722K, committed 90496K, reserved 1179648K
  class space    used 9017K, committed 9856K, reserved 1048576K
}
Event: 545.116 GC heap after
{Heap after GC invocations=1979 (full 4):
 PSYoungGen      total 5632K, used 192K [0x00000000d5580000, 0x00000000d5c80000, 0x0000000100000000)
  eden space 2560K, 0% used [0x00000000d5580000,0x00000000d5580000,0x00000000d5800000)
  from space 3072K, 6% used [0x00000000d5880000,0x00000000d58b0000,0x00000000d5b80000)
  to   space 1024K, 0% used [0x00000000d5b80000,0x00000000d5b80000,0x00000000d5c80000)
 ParOldGen       total 1077248K, used 1076866K [0x0000000080000000, 0x00000000c1c00000, 0x00000000d5580000)
  object space 1077248K, 99% used [0x0000000080000000,0x00000000c1ba08b8,0x00000000c1c00000)
 Metaspace       used 88722K, committed 90496K, reserved 1179648K
  class space    used 9017K, committed 9856K, reserved 1048576K
}

