# JRE version: OpenJDK Runtime Environment Temurin-21.0.9+10 (21.0.9+10) (build 21.0.9+10-LTS)
# Java VM: OpenJDK 64-Bit Server VM Temurin-21.0.9+10 (21.0.9+10-LTS, mixed mode, sharing, tiered, compressed oops, compressed class ptrs, parallel gc, windows-amd64)
GC Precious Log:
 CardTable entry size: 512
 CPUs: 4 total, 4 available
 Memory: 7925M
 Large Page Support: Disabled
 NUMA Support: Disabled
 Compressed Oops: Enabled (32-bit)
 Alignments: Space 512K, Generation 512K, Heap 2M
 Heap Min Capacity: 100M
 Heap Initial Capacity: 100M
 Heap Max Capacity: 2G
 Pre-touch: Disabled
 Parallel Workers: 4
Heap:
 PSYoungGen      total 18944K, used 5382K [0x00000000d5580000, 0x00000000d6a00000, 0x0000000100000000)
  eden space 16896K, 30% used [0x00000000d5580000,0x00000000d5a85b80,0x00000000d6600000)
  from space 2048K, 11% used [0x00000000d6680000,0x00000000d66bc030,0x00000000d6880000)
  to   space 1024K, 0% used [0x00000000d6900000,0x00000000d6900000,0x00000000d6a00000)
 ParOldGen       total 1390080K, used 1389813K [0x0000000080000000, 0x00000000d4d80000, 0x00000000d5580000)
  object space 1390080K, 99% used [0x0000000080000000,0x00000000d4d3d4e8,0x00000000d4d80000)
 Metaspace       used 96633K, committed 98304K, reserved 1179648K
  class space    used 9310K, committed 10112K, reserved 1048576K
GC Heap History (20 events):
Event: 459094.481 GC heap before
{Heap before GC invocations=18583 (full 14):
 PSYoungGen      total 17408K, used 17280K [0x00000000d5580000, 0x00000000d6780000, 0x0000000100000000)
  eden space 16896K, 100% used [0x00000000d5580000,0x00000000d6600000,0x00000000d6600000)
  from space 512K, 75% used [0x00000000d6680000,0x00000000d66e0000,0x00000000d6700000)
  to   space 512K, 0% used [0x00000000d6700000,0x00000000d6700000,0x00000000d6780000)
 ParOldGen       total 1382400K, used 1382057K [0x0000000080000000, 0x00000000d4600000, 0x00000000d5580000)
  object space 1382400K, 99% used [0x0000000080000000,0x00000000d45aa468,0x00000000d4600000)
 Metaspace       used 96611K, committed 98304K, reserved 1179648K
  class space    used 9309K, committed 10112K, reserved 1048576K
}
Event: 459094.484 GC heap after
{Heap after GC invocations=18583 (full 14):
 PSYoungGen      total 17408K, used 512K [0x00000000d5580000, 0x00000000d6800000, 0x0000000100000000)
  eden space 16896K, 0% used [0x00000000d5580000,0x00000000d5580000,0x00000000d6600000)
  from space 512K, 100% used [0x00000000d6700000,0x00000000d6780000,0x00000000d6780000)
  to   space 1024K, 0% used [0x00000000d6600000,0x00000000d6600000,0x00000000d6700000)
 ParOldGen       total 1382400K, used 1382281K [0x0000000080000000, 0x00000000d4600000, 0x00000000d5580000)
  object space 1382400K, 99% used [0x0000000080000000,0x00000000d45e2468,0x00000000d4600000)
 Metaspace       used 96611K, committed 98304K, reserved 1179648K
  class space    used 9309K, committed 10112K, reserved 1048576K
}
Event: 459094.882 GC heap before
{Heap before GC invocations=18584 (full 14):
 PSYoungGen      total 17408K, used 17408K [0x00000000d5580000, 0x00000000d6800000, 0x0000000100000000)
  eden space 16896K, 100% used [0x00000000d5580000,0x00000000d6600000,0x00000000d6600000)
  from space 512K, 100% used [0x00000000d6700000,0x00000000d6780000,0x00000000d6780000)
  to   space 1024K, 0% used [0x00000000d6600000,0x00000000d6600000,0x00000000d6700000)
 ParOldGen       total 1382400K, used 1382281K [0x0000000080000000, 0x00000000d4600000, 0x00000000d5580000)
  object space 1382400K, 99% used [0x0000000080000000,0x00000000d45e2468,0x00000000d4600000)
 Metaspace       used 96611K, committed 98304K, reserved 1179648K
  class space    used 9309K, committed 10112K, reserved 1048576K
}
Event: 459094.888 GC heap after
{Heap after GC invocations=18584 (full 14):
 PSYoungGen      total 17920K, used 1011K [0x00000000d5580000, 0x00000000d6e00000, 0x0000000100000000)
  eden space 16896K, 0% used [0x00000000d5580000,0x00000000d5580000,0x00000000d6600000)
  from space 1024K, 98% used [0x00000000d6600000,0x00000000d66fcf20,0x00000000d6700000)
  to   space 4096K, 0% used [0x00000000d6a00000,0x00000000d6a00000,0x00000000d6e00000)
 ParOldGen       total 1384960K, used 1384455K [0x0000000080000000, 0x00000000d4880000, 0x00000000d5580000)
  object space 1384960K, 99% used [0x0000000080000000,0x00000000d4801ca8,0x00000000d4880000)
 Metaspace       used 96611K, committed 98304K, reserved 1179648K
  class space    used 9309K, committed 10112K, reserved 1048576K
}
Event: 459095.419 GC heap before
{Heap before GC invocations=18585 (full 14):
 PSYoungGen      total 17920K, used 17907K [0x00000000d5580000, 0x00000000d6e00000, 0x0000000100000000)
  eden space 16896K, 100% used [0x00000000d5580000,0x00000000d6600000,0x00000000d6600000)
  from space 1024K, 98% used [0x00000000d6600000,0x00000000d66fcf20,0x00000000d6700000)
  to   space 4096K, 0% used [0x00000000d6a00000,0x00000000d6a00000,0x00000000d6e00000)
 ParOldGen       total 1384960K, used 1384455K [0x0000000080000000, 0x00000000d4880000, 0x00000000d5580000)
  object space 1384960K, 99% used [0x0000000080000000,0x00000000d4801ca8,0x00000000d4880000)
 Metaspace       used 96611K, committed 98304K, reserved 1179648K
  class space    used 9309K, committed 10112K, reserved 1048576K
}
Event: 459095.426 GC heap after
{Heap after GC invocations=18585 (full 14):
 PSYoungGen      total 18432K, used 1312K [0x00000000d5580000, 0x00000000d6b80000, 0x0000000100000000)
  eden space 16896K, 0% used [0x00000000d5580000,0x00000000d5580000,0x00000000d6600000)
  from space 1536K, 85% used [0x00000000d6a00000,0x00000000d6b48040,0x00000000d6b80000)
  to   space 2048K, 0% used [0x00000000d6780000,0x00000000d6780000,0x00000000d6980000)
 ParOldGen       total 1384960K, used 1384932K [0x0000000080000000, 0x00000000d4880000, 0x00000000d5580000)
  object space 1384960K, 99% used [0x0000000080000000,0x00000000d4879128,0x00000000d4880000)
 Metaspace       used 96611K, committed 98304K, reserved 1179648K
  class space    used 9309K, committed 10112K, reserved 1048576K
}
Event: 459096.530 GC heap before
{Heap before GC invocations=18586 (full 14):
 PSYoungGen      total 18432K, used 18208K [0x00000000d5580000, 0x00000000d6b80000, 0x0000000100000000)
  eden space 16896K, 100% used [0x00000000d5580000,0x00000000d6600000,0x00000000d6600000)
  from space 1536K, 85% used [0x00000000d6a00000,0x00000000d6b48040,0x00000000d6b80000)
  to   space 2048K, 0% used [0x00000000d6780000,0x00000000d6780000,0x00000000d6980000)
 ParOldGen       total 1384960K, used 1384932K [0x0000000080000000, 0x00000000d4880000, 0x00000000d5580000)
  object space 1384960K, 99% used [0x0000000080000000,0x00000000d4879128,0x00000000d4880000)
 Metaspace       used 96611K, committed 98304K, reserved 1179648K
  class space    used 9309K, committed 10112K, reserved 1048576K
}
Event: 459096.537 GC heap after
{Heap after GC invocations=18586 (full 14):
 PSYoungGen      total 18944K, used 576K [0x00000000d5580000, 0x00000000d6a80000, 0x0000000100000000)
  eden space 16896K, 0% used [0x00000000d5580000,0x00000000d5580000,0x00000000d6600000)
  from space 2048K, 28% used [0x00000000d6780000,0x00000000d6810000,0x00000000d6980000)
  to   space 1024K, 0% used [0x00000000d6980000,0x00000000d6980000,0x00000000d6a80000)
 ParOldGen       total 1385984K, used 1385780K [0x0000000080000000, 0x00000000d4980000, 0x00000000d5580000)
  object space 1385984K, 99% used [0x0000000080000000,0x00000000d494d168,0x00000000d4980000)
 Metaspace       used 96611K, committed 98304K, reserved 1179648K
  class space    used 9309K, committed 10112K, reserved 1048576K
}
Event: 459096.879 GC heap before
{Heap before GC invocations=18587 (full 14):
 PSYoungGen      total 18944K, used 17472K [0x00000000d5580000, 0x00000000d6a80000, 0x0000000100000000)
  eden space 16896K, 100% used [0x00000000d5580000,0x00000000d6600000,0x00000000d6600000)
  from space 2048K, 28% used [0x00000000d6780000,0x00000000d6810000,0x00000000d6980000)
  to   space 1024K, 0% used [0x00000000d6980000,0x00000000d6980000,0x00000000d6a80000)
 ParOldGen       total 1385984K, used 1385780K [0x0000000080000000, 0x00000000d4980000, 0x00000000d5580000)
  object space 1385984K, 99% used [0x0000000080000000,0x00000000d494d168,0x00000000d4980000)
 Metaspace       used 96611K, committed 98304K, reserved 1179648K
  class space    used 9309K, committed 10112K, reserved 1048576K
}
Event: 459096.887 GC heap after
{Heap after GC invocations=18587 (full 14):
 PSYoungGen      total 17920K, used 816K [0x00000000d5580000, 0x00000000d6a80000, 0x0000000100000000)
  eden space 16896K, 0% used [0x00000000d5580000,0x00000000d5580000,0x00000000d6600000)
  from space 1024K, 79% used [0x00000000d6980000,0x00000000d6a4c030,0x00000000d6a80000)
  to   space 1024K, 0% used [0x00000000d6880000,0x00000000d6880000,0x00000000d6980000)
 ParOldGen       total 1386496K, used 1386306K [0x0000000080000000, 0x00000000d4a00000, 0x00000000d5580000)
  object space 1386496K, 99% used [0x0000000080000000,0x00000000d49d0ba8,0x00000000d4a00000)
 Metaspace       used 96611K, committed 98304K, reserved 1179648K
  class space    used 9309K, committed 10112K, reserved 1048576K
}
Event: 459097.604 GC heap before
{Heap before GC invocations=18588 (full 14):
 PSYoungGen      total 17920K, used 17712K [0x00000000d5580000, 0x00000000d6a80000, 0x0000000100000000)
  eden space 16896K, 100% used [0x00000000d5580000,0x00000000d6600000,0x00000000d6600000)
  from space 1024K, 79% used [0x00000000d6980000,0x00000000d6a4c030,0x00000000d6a80000)
  to   space 1024K, 0% used [0x00000000d6880000,0x00000000d6880000,0x00000000d6980000)
 ParOldGen       total 1386496K, used 1386306K [0x0000000080000000, 0x00000000d4a00000, 0x00000000d5580000)
  object space 1386496K, 99% used [0x0000000080000000,0x00000000d49d0ba8,0x00000000d4a00000)
 Metaspace       used 96611K, committed 98304K, reserved 1179648K
  class space    used 9309K, committed 10112K, reserved 1048576K
}
Event: 459097.608 GC heap after
{Heap after GC invocations=18588 (full 14):
 PSYoungGen      total 17920K, used 992K [0x00000000d5580000, 0x00000000d6e00000, 0x0000000100000000)
  eden space 16896K, 0% used [0x00000000d5580000,0x00000000d5580000,0x00000000d6600000)
  from space 1024K, 96% used [0x00000000d6880000,0x00000000d6978220,0x00000000d6980000)
  to   space 4096K, 0% used [0x00000000d6a00000,0x00000000d6a00000,0x00000000d6e00000)
 ParOldGen       total 1389056K, used 1388880K [0x0000000080000000, 0x00000000d4c80000, 0x00000000d5580000)
  object space 1389056K, 99% used [0x0000000080000000,0x00000000d4c54058,0x00000000d4c80000)
 Metaspace       used 96611K, committed 98304K, reserved 1179648K
  class space    used 9309K, committed 10112K, reserved 1048576K
}
Event: 459097.872 GC heap before
{Heap before GC invocations=18589 (full 14):
 PSYoungGen      total 17920K, used 16504K [0x00000000d5580000, 0x00000000d6e00000, 0x0000000100000000)
  eden space 16896K, 91% used [0x00000000d5580000,0x00000000d64a6150,0x00000000d6600000)
  from space 1024K, 96% used [0x00000000d6880000,0x00000000d6978220,0x00000000d6980000)
  to   space 4096K, 0% used [0x00000000d6a00000,0x00000000d6a00000,0x00000000d6e00000)
 ParOldGen       total 1389056K, used 1388880K [0x0000000080000000, 0x00000000d4c80000, 0x00000000d5580000)
  object space 1389056K, 99% used [0x0000000080000000,0x00000000d4c54058,0x00000000d4c80000)
 Metaspace       used 96611K, committed 98304K, reserved 1179648K
  class space    used 9309K, committed 10112K, reserved 1048576K
}
Event: 459097.875 GC heap after
{Heap after GC invocations=18589 (full 14):
 PSYoungGen      total 17408K, used 128K [0x00000000d5580000, 0x00000000d6a80000, 0x0000000100000000)
  eden space 16896K, 0% used [0x00000000d5580000,0x00000000d5580000,0x00000000d6600000)
  from space 512K, 25% used [0x00000000d6a00000,0x00000000d6a20000,0x00000000d6a80000)
  to   space 1536K, 0% used [0x00000000d6780000,0x00000000d6780000,0x00000000d6900000)
 ParOldGen       total 1389056K, used 1388912K [0x0000000080000000, 0x00000000d4c80000, 0x00000000d5580000)
  object space 1389056K, 99% used [0x0000000080000000,0x00000000d4c5c058,0x00000000d4c80000)
 Metaspace       used 96611K, committed 98304K, reserved 1179648K
  class space    used 9309K, committed 10112K, reserved 1048576K
}
Event: 459098.392 GC heap before
{Heap before GC invocations=18590 (full 14):
 PSYoungGen      total 17408K, used 17024K [0x00000000d5580000, 0x00000000d6a80000, 0x0000000100000000)
  eden space 16896K, 100% used [0x00000000d5580000,0x00000000d6600000,0x00000000d6600000)
  from space 512K, 25% used [0x00000000d6a00000,0x00000000d6a20000,0x00000000d6a80000)
  to   space 1536K, 0% used [0x00000000d6780000,0x00000000d6780000,0x00000000d6900000)
 ParOldGen       total 1389056K, used 1388912K [0x0000000080000000, 0x00000000d4c80000, 0x00000000d5580000)
  object space 1389056K, 99% used [0x0000000080000000,0x00000000d4c5c058,0x00000000d4c80000)
 Metaspace       used 96613K, committed 98304K, reserved 1179648K
  class space    used 9310K, committed 10112K, reserved 1048576K
}
Event: 459098.399 GC heap after
{Heap after GC invocations=18590 (full 14):
 PSYoungGen      total 18432K, used 480K [0x00000000d5580000, 0x00000000d6a80000, 0x0000000100000000)
  eden space 16896K, 0% used [0x00000000d5580000,0x00000000d5580000,0x00000000d6600000)
  from space 1536K, 31% used [0x00000000d6780000,0x00000000d67f8000,0x00000000d6900000)
  to   space 1024K, 0% used [0x00000000d6980000,0x00000000d6980000,0x00000000d6a80000)
 ParOldGen       total 1389056K, used 1388960K [0x0000000080000000, 0x00000000d4c80000, 0x00000000d5580000)
  object space 1389056K, 99% used [0x0000000080000000,0x00000000d4c68058,0x00000000d4c80000)
 Metaspace       used 96613K, committed 98304K, reserved 1179648K
  class space    used 9310K, committed 10112K, reserved 1048576K
}
Event: 459099.203 GC heap before
{Heap before GC invocations=18591 (full 14):
 PSYoungGen      total 18432K, used 17376K [0x00000000d5580000, 0x00000000d6a80000, 0x0000000100000000)
  eden space 16896K, 100% used [0x00000000d5580000,0x00000000d6600000,0x00000000d6600000)
  from space 1536K, 31% used [0x00000000d6780000,0x00000000d67f8000,0x00000000d6900000)
  to   space 1024K, 0% used [0x00000000d6980000,0x00000000d6980000,0x00000000d6a80000)
 ParOldGen       total 1389056K, used 1388960K [0x0000000080000000, 0x00000000d4c80000, 0x00000000d5580000)
  object space 1389056K, 99% used [0x0000000080000000,0x00000000d4c68058,0x00000000d4c80000)
 Metaspace       used 96613K, committed 98304K, reserved 1179648K
  class space    used 9310K, committed 10112K, reserved 1048576K
}
Event: 459099.206 GC heap after
{Heap after GC invocations=18591 (full 14):
 PSYoungGen      total 17920K, used 992K [0x00000000d5580000, 0x00000000d6a80000, 0x0000000100000000)
  eden space 16896K, 0% used [0x00000000d5580000,0x00000000d5580000,0x00000000d6600000)
  from space 1024K, 96% used [0x00000000d6980000,0x00000000d6a78220,0x00000000d6a80000)
  to   space 2048K, 0% used [0x00000000d6680000,0x00000000d6680000,0x00000000d6880000)
 ParOldGen       total 1390080K, used 1389733K [0x0000000080000000, 0x00000000d4d80000, 0x00000000d5580000)
  object space 1390080K, 99% used [0x0000000080000000,0x00000000d4d294e8,0x00000000d4d80000)
 Metaspace       used 96613K, committed 98304K, reserved 1179648K
  class space    used 9310K, committed 10112K, reserved 1048576K
}
Event: 469925.782 GC heap before
{Heap before GC invocations=18592 (full 14):
 PSYoungGen      total 17920K, used 17888K [0x00000000d5580000, 0x00000000d6a80000, 0x0000000100000000)
  eden space 16896K, 99% used [0x00000000d5580000,0x00000000d65fff28,0x00000000d6600000)
  from space 1024K, 96% used [0x00000000d6980000,0x00000000d6a78220,0x00000000d6a80000)
  to   space 2048K, 0% used [0x00000000d6680000,0x00000000d6680000,0x00000000d6880000)
 ParOldGen       total 1390080K, used 1389733K [0x0000000080000000, 0x00000000d4d80000, 0x00000000d5580000)
  object space 1390080K, 99% used [0x0000000080000000,0x00000000d4d294e8,0x00000000d4d80000)
 Metaspace       used 96628K, committed 98304K, reserved 1179648K
  class space    used 9310K, committed 10112K, reserved 1048576K
}
Event: 469926.239 GC heap after
{Heap after GC invocations=18592 (full 14):
 PSYoungGen      total 18944K, used 240K [0x00000000d5580000, 0x00000000d6a00000, 0x0000000100000000)
  eden space 16896K, 0% used [0x00000000d5580000,0x00000000d5580000,0x00000000d6600000)
  from space 2048K, 11% used [0x00000000d6680000,0x00000000d66bc030,0x00000000d6880000)
  to   space 1024K, 0% used [0x00000000d6900000,0x00000000d6900000,0x00000000d6a00000)
 ParOldGen       total 1390080K, used 1389813K [0x0000000080000000, 0x00000000d4d80000, 0x00000000d5580000)
  object space 1390080K, 99% used [0x0000000080000000,0x00000000d4d3d4e8,0x00000000d4d80000)
 Metaspace       used 96628K, committed 98304K, reserved 1179648K
  class space    used 9310K, committed 10112K, reserved 1048576K
}

